<?xml version="1.0" encoding="UTF-8"?>
<!-- Generated by org.testng.reporters.JUnitReportReporter -->
<testsuite skipped="1" hostname="DESKTOP-A9RA1I7" name="propertiesPackage.NewTest" tests="5" failures="0" timestamp="2022-11-16T11:25:15 IST" time="124.888" errors="0">
  <testcase name="selectLanguage_Test" time="39.992" classname="propertiesPackage.NewTest"/>
  <system-out/>
  <testcase name="verify_Thumbnail_Links" time="44.328" classname="propertiesPackage.NewTest"/>
  <system-out/>
  <testcase name="Cricket_Test" time="23.180" classname="propertiesPackage.NewTest"/>
  <system-out/>
  <testcase name="select_Theme" time="17.388" classname="propertiesPackage.NewTest"/>
  <system-out/>
  <testcase name="Webstories_Test" classname="propertiesPackage.NewTest">
    <skipped/>
  </testcase> <!-- Webstories_Test -->
  <system-out/>
</testsuite> <!-- propertiesPackage.NewTest -->
